<?xml version="1.0" encoding="UTF-8"?>
<!-- Generated by org.testng.reporters.JUnitReportReporter -->
<testsuite hostname="DESKTOP-4JV5ODS" failures="0" tests="1" name="testscripts.ManageNewsTest" time="6.534" errors="0" timestamp="2025-09-18T11:01:57 IST" skipped="0">
  <testcase classname="testscripts.ManageNewsTest" name="verifyUserAbleToResetNews" time="6.534"/>
</testsuite> <!-- testscripts.ManageNewsTest -->
