<?xml version="1.0" encoding="UTF-8"?>
<!-- Generated by org.testng.reporters.JUnitReportReporter -->
<testsuite hostname="DESKTOP-4JV5ODS" failures="0" tests="2" name="testscripts.HomeTest" time="12.334" errors="0" timestamp="2025-09-24T22:44:58 IST" skipped="0">
  <testcase classname="testscripts.HomeTest" name="verifyUserAbleToLogout" time="5.145"/>
  <testcase classname="testscripts.HomeTest" name="verifyClickOnAdminUsersMoreInfo" time="7.189"/>
</testsuite> <!-- testscripts.HomeTest -->
