<?xml version="1.0" encoding="UTF-8"?>
<!-- Generated by org.testng.reporters.JUnitReportReporter -->
<testsuite hostname="DESKTOP-4JV5ODS" failures="0" tests="1" name="testscripts.HomeTest" time="3.680" errors="0" timestamp="2025-09-16T14:12:10 IST" skipped="0">
  <testcase classname="testscripts.HomeTest" name="verifyClickOnAdminUsersMoreInfo" time="3.680"/>
</testsuite> <!-- testscripts.HomeTest -->
