<?xml version="1.0" encoding="UTF-8"?>
<!-- Generated by org.testng.reporters.JUnitReportReporter -->
<testsuite hostname="DESKTOP-4JV5ODS" failures="0" tests="1" name="testscripts.HomeTest" time="6.117" errors="0" timestamp="2025-09-22T13:38:47 IST" skipped="0">
  <testcase classname="testscripts.HomeTest" name="verifyUserAbleToLogout" time="6.117"/>
</testsuite> <!-- testscripts.HomeTest -->
