<?xml version="1.0" encoding="UTF-8"?>
<!-- Generated by org.testng.reporters.JUnitReportReporter -->
<testsuite hostname="DESKTOP-4JV5ODS" failures="0" tests="3" name="testscripts.AdminUsersTest" time="15.549" errors="0" timestamp="2025-09-16T15:11:01 IST" skipped="0">
  <testcase classname="testscripts.AdminUsersTest" name="verifyUserAbleToResetUserList" time="3.837"/>
  <testcase classname="testscripts.AdminUsersTest" name="verifyUserAbleToAddNewUser" time="5.681"/>
  <testcase classname="testscripts.AdminUsersTest" name="verifyUserAbleToSearchNewlyAddedUser" time="6.031"/>
</testsuite> <!-- testscripts.AdminUsersTest -->
