<?xml version="1.0" encoding="UTF-8"?>
<!-- Generated by org.testng.reporters.JUnitReportReporter -->
<testsuite hostname="DESKTOP-4JV5ODS" failures="0" tests="1" name="testscripts.LoginTest" time="4.113" errors="0" timestamp="2025-09-29T18:14:33 IST" skipped="0">
  <testcase classname="testscripts.LoginTest" name="verifyLoginWithValidCredentials" time="4.113"/>
</testsuite> <!-- testscripts.LoginTest -->
