<?xml version="1.0" encoding="UTF-8"?>
<!-- Generated by org.testng.reporters.JUnitReportReporter -->
<testsuite hostname="DESKTOP-4JV5ODS" failures="0" tests="3" name="testscripts.ManageNewsTest" time="17.490" errors="0" timestamp="2025-09-24T22:49:52 IST" skipped="0">
  <testcase classname="testscripts.ManageNewsTest" name="verifyUserAbleToAddNews" time="6.708"/>
  <testcase classname="testscripts.ManageNewsTest" name="verifyUserAbleToSearchNews" time="5.410"/>
  <testcase classname="testscripts.ManageNewsTest" name="verifyUserAbleToResetNews" time="5.372"/>
</testsuite> <!-- testscripts.ManageNewsTest -->
