<?xml version="1.0" encoding="UTF-8"?>
<!-- Generated by org.testng.reporters.JUnitReportReporter -->
<testsuite hostname="DESKTOP-4JV5ODS" failures="0" tests="3" name="testscripts.AdminUsersTest" time="18.045" errors="0" timestamp="2025-09-24T22:46:16 IST" skipped="0">
  <testcase classname="testscripts.AdminUsersTest" name="verifyUserAbleToResetUserList" time="5.303"/>
  <testcase classname="testscripts.AdminUsersTest" name="verifyUserAbleToAddNewUser" time="7.213"/>
  <testcase classname="testscripts.AdminUsersTest" name="verifyUserAbleToSearchNewlyAddedUser" time="5.529"/>
</testsuite> <!-- testscripts.AdminUsersTest -->
