<?xml version="1.0" encoding="UTF-8"?>
<!-- Generated by org.testng.reporters.JUnitReportReporter -->
<testsuite hostname="DESKTOP-4JV5ODS" failures="0" tests="2" name="testscripts.HomeTest" time="9.521" errors="0" timestamp="2025-09-18T12:22:54 IST" skipped="0">
  <testcase classname="testscripts.HomeTest" name="verifyClickOnAdminUsersMoreInfo" time="6.338"/>
  <testcase classname="testscripts.HomeTest" name="verifyLogout" time="3.183"/>
</testsuite> <!-- testscripts.HomeTest -->
