<?xml version="1.0" encoding="UTF-8"?>
<!-- Generated by org.testng.reporters.JUnitReportReporter -->
<testsuite hostname="DESKTOP-4JV5ODS" failures="0" tests="1" name="testscripts.AdminUsersTest" time="7.416" errors="0" timestamp="2025-09-17T21:31:17 IST" skipped="0">
  <testcase classname="testscripts.AdminUsersTest" name="verifyUserAbleToSearchNewlyAddedUser" time="7.416"/>
</testsuite> <!-- testscripts.AdminUsersTest -->
