<?xml version="1.0" encoding="UTF-8"?>
<!-- Generated by org.testng.reporters.JUnitReportReporter -->
<testsuite hostname="DESKTOP-4JV5ODS" failures="0" tests="1" name="testscripts.LoginTest" time="3.639" errors="0" timestamp="2025-09-11T15:33:35 IST" skipped="0">
  <testcase classname="testscripts.LoginTest" name="verifyLoginWithInvalidCredentials" time="3.639"/>
</testsuite> <!-- testscripts.LoginTest -->
