<?xml version="1.0" encoding="UTF-8"?>
<!-- Generated by org.testng.reporters.JUnitReportReporter -->
<testsuite hostname="DESKTOP-4JV5ODS" failures="0" tests="4" name="testscripts.LoginTest" time="11.240" errors="0" timestamp="2025-09-16T14:11:04 IST" skipped="0">
  <testcase classname="testscripts.LoginTest" name="verifyLoginWithInvalidCredentials" time="3.362"/>
  <testcase classname="testscripts.LoginTest" name="verifyLoginWithInvalidUsernameAndValidPassword" time="2.837"/>
  <testcase classname="testscripts.LoginTest" name="verifyLoginWithValidUsernameAndInvalidPassword" time="2.598"/>
  <testcase classname="testscripts.LoginTest" name="verifyLoginWithValidCredentials" time="2.443"/>
</testsuite> <!-- testscripts.LoginTest -->
