<?xml version="1.0" encoding="UTF-8"?>
<!-- Generated by org.testng.reporters.JUnitReportReporter -->
<testsuite hostname="DESKTOP-4JV5ODS" failures="0" tests="4" name="testscripts.LoginTest" time="13.972" errors="0" timestamp="2025-09-17T21:05:37 IST" skipped="0">
  <testcase classname="testscripts.LoginTest" name="verifyLoginWithValidCredentials" time="3.129"/>
  <testcase classname="testscripts.LoginTest" name="verifyLoginWithInvalidUsernameAndValidPassword" time="2.884"/>
  <testcase classname="testscripts.LoginTest" name="verifyLoginWithValidUsernameAndInvalidPassword" time="4.062"/>
  <testcase classname="testscripts.LoginTest" name="verifyLoginWithInvalidCredentials" time="3.897"/>
</testsuite> <!-- testscripts.LoginTest -->
