<?xml version="1.0" encoding="UTF-8"?>
<!-- Generated by org.testng.reporters.JUnitReportReporter -->
<testsuite hostname="DESKTOP-4JV5ODS" failures="0" tests="2" name="testscripts.LoginTest" time="10.733" errors="0" timestamp="2025-09-22T13:40:55 IST" skipped="0">
  <testcase classname="testscripts.LoginTest" name="verifyLoginWithValidCredentials" time="5.472"/>
  <testcase classname="testscripts.LoginTest" name="verifyLoginWithInvalidCredentials" time="5.261"/>
</testsuite> <!-- testscripts.LoginTest -->
